This is pdfTeX, Version 3.141592653-2.6-1.40.25 (TeX Live 2023/nixos.org) (preloaded format=pdflatex 1980.1.1)  5 OCT 2024 06:10
entering extended mode
 restricted \write18 enabled.
 file:line:error style messages enabled.
 %&-line parsing enabled.
**/home/rudresh/Documents/vscode/Latex/cv/cv.tex
(/home/rudresh/Documents/vscode/Latex/cv/cv.tex
LaTeX2e <2023-11-01> patch level 1
L3 programming layer <2024-02-20>
(/nix/store/mmg1gc10y64nnrd54csm1w1xpq3hwkm8-texlive-2023-env-texmfdist/tex/latex/moderncv/moderncv.cls
Document Class: moderncv 2022-02-21 v2.3.1 modern curriculum vitae and letter document class
(/nix/store/mmg1gc10y64nnrd54csm1w1xpq3hwkm8-texlive-2023-env-texmfdist/tex/latex/base/size11.clo
File: size11.clo 2023/05/17 v1.4n Standard LaTeX file (size option)
) (/nix/store/mmg1gc10y64nnrd54csm1w1xpq3hwkm8-texlive-2023-env-texmfdist/tex/latex/etoolbox/etoolbox.sty
Package: etoolbox 2020/10/05 v2.5k e-TeX tools for LaTeX (JAW)
\etb@tempcnta=\count188
) (/nix/store/mmg1gc10y64nnrd54csm1w1xpq3hwkm8-texlive-2023-env-texmfdist/tex/latex/base/ifthen.sty
Package: ifthen 2022/04/13 v1.1d Standard LaTeX ifthen package (DPC)
) (/nix/store/mmg1gc10y64nnrd54csm1w1xpq3hwkm8-texlive-2023-env-texmfdist/tex/latex/xcolor/xcolor.sty
Package: xcolor 2023/11/15 v3.01 LaTeX color extensions (UK)
 (/nix/store/mmg1gc10y64nnrd54csm1w1xpq3hwkm8-texlive-2023-env-texmfdist/tex/latex/graphics-cfg/color.cfg
File: color.cfg 2016/01/02 v1.6 sample color configuration
)
Package xcolor Info: Driver file: pdftex.def on input line 274.
 (/nix/store/mmg1gc10y64nnrd54csm1w1xpq3hwkm8-texlive-2023-env-texmfdist/tex/latex/graphics-def/pdftex.def
File: pdftex.def 2022/09/22 v1.2b Graphics/color driver for pdftex
) (/nix/store/mmg1gc10y64nnrd54csm1w1xpq3hwkm8-texlive-2023-env-texmfdist/tex/latex/graphics/mathcolor.ltx)
Package xcolor Info: Model `cmy' substituted by `cmy0' on input line 1350.
Package xcolor Info: Model `hsb' substituted by `rgb' on input line 1354.
Package xcolor Info: Model `RGB' extended on input line 1366.
Package xcolor Info: Model `HTML' substituted by `rgb' on input line 1368.
Package xcolor Info: Model `Hsb' substituted by `hsb' on input line 1369.
Package xcolor Info: Model `tHsb' substituted by `hsb' on input line 1370.
Package xcolor Info: Model `HSB' substituted by `hsb' on input line 1371.
Package xcolor Info: Model `Gray' substituted by `gray' on input line 1372.
Package xcolor Info: Model `wave' substituted by `hsb' on input line 1373.
) (/nix/store/mmg1gc10y64nnrd54csm1w1xpq3hwkm8-texlive-2023-env-texmfdist/tex/latex/colortbl/colortbl.sty
Package: colortbl 2024/02/20 v1.0g Color table columns (DPC)
 (/nix/store/mmg1gc10y64nnrd54csm1w1xpq3hwkm8-texlive-2023-env-texmfdist/tex/latex/tools/array.sty
Package: array 2023/10/16 v2.5g Tabular extension package (FMi)
\col@sep=\dimen140
\ar@mcellbox=\box51
\extrarowheight=\dimen141
\NC@list=\toks17
\extratabsurround=\skip48
\backup@length=\skip49
\ar@cellbox=\box52
)
\everycr=\toks18
\minrowclearance=\skip50
\rownum=\count189
) (/nix/store/mmg1gc10y64nnrd54csm1w1xpq3hwkm8-texlive-2023-env-texmfdist/tex/generic/iftex/iftex.sty
Package: iftex 2022/02/03 v1.0f TeX engine tests
) (/nix/store/mmg1gc10y64nnrd54csm1w1xpq3hwkm8-texlive-2023-env-texmfdist/tex/latex/url/url.sty
\Urlmuskip=\muskip16
Package: url 2013/09/16  ver 3.4  Verb mode for urls, etc.
) (/nix/store/mmg1gc10y64nnrd54csm1w1xpq3hwkm8-texlive-2023-env-texmfdist/tex/latex/graphics/graphicx.sty
Package: graphicx 2021/09/16 v1.2d Enhanced LaTeX Graphics (DPC,SPQR)
 (/nix/store/mmg1gc10y64nnrd54csm1w1xpq3hwkm8-texlive-2023-env-texmfdist/tex/latex/graphics/keyval.sty
Package: keyval 2022/05/29 v1.15 key=value parser (DPC)
\KV@toks@=\toks19
) (/nix/store/mmg1gc10y64nnrd54csm1w1xpq3hwkm8-texlive-2023-env-texmfdist/tex/latex/graphics/graphics.sty
Package: graphics 2022/03/10 v1.4e Standard LaTeX Graphics (DPC,SPQR)
 (/nix/store/mmg1gc10y64nnrd54csm1w1xpq3hwkm8-texlive-2023-env-texmfdist/tex/latex/graphics/trig.sty
Package: trig 2021/08/11 v1.11 sin cos tan (DPC)
) (/nix/store/mmg1gc10y64nnrd54csm1w1xpq3hwkm8-texlive-2023-env-texmfdist/tex/latex/graphics-cfg/graphics.cfg
File: graphics.cfg 2016/06/04 v1.11 sample graphics configuration
)
Package graphics Info: Driver file: pdftex.def on input line 107.
)
\Gin@req@height=\dimen142
\Gin@req@width=\dimen143
) (/nix/store/mmg1gc10y64nnrd54csm1w1xpq3hwkm8-texlive-2023-env-texmfdist/tex/latex/fancyhdr/fancyhdr.sty
Package: fancyhdr 2022/11/09 v4.1 Extensive control of page headers and footers
\f@nch@headwidth=\skip51
\f@nch@O@elh=\skip52
\f@nch@O@erh=\skip53
\f@nch@O@olh=\skip54
\f@nch@O@orh=\skip55
\f@nch@O@elf=\skip56
\f@nch@O@erf=\skip57
\f@nch@O@olf=\skip58
\f@nch@O@orf=\skip59
) (/nix/store/mmg1gc10y64nnrd54csm1w1xpq3hwkm8-texlive-2023-env-texmfdist/tex/latex/moderncv/tweaklist.sty) (/nix/store/mmg1gc10y64nnrd54csm1w1xpq3hwkm8-texlive-2023-env-texmfdist/tex/latex/tools/calc.sty
Package: calc 2023/07/08 v4.3 Infix arithmetic (KKT,FJ)
\calc@Acount=\count190
\calc@Bcount=\count191
\calc@Adimen=\dimen144
\calc@Bdimen=\dimen145
\calc@Askip=\skip60
\calc@Bskip=\skip61
LaTeX Info: Redefining \setlength on input line 80.
LaTeX Info: Redefining \addtolength on input line 81.
\calc@Ccount=\count192
\calc@Cskip=\skip62
) (/nix/store/mmg1gc10y64nnrd54csm1w1xpq3hwkm8-texlive-2023-env-texmfdist/tex/latex/l3packages/xparse/xparse.sty (/nix/store/mmg1gc10y64nnrd54csm1w1xpq3hwkm8-texlive-2023-env-texmfdist/tex/latex/l3kernel/expl3.sty
Package: expl3 2024-02-20 L3 programming layer (loader) 
 (/nix/store/mmg1gc10y64nnrd54csm1w1xpq3hwkm8-texlive-2023-env-texmfdist/tex/latex/l3backend/l3backend-pdftex.def
File: l3backend-pdftex.def 2024-02-20 L3 backend support: PDF output (pdfTeX)
\l__color_backend_stack_int=\count193
\l__pdf_internal_box=\box53
))
Package: xparse 2024-02-18 L3 Experimental document command parser
) (/nix/store/mmg1gc10y64nnrd54csm1w1xpq3hwkm8-texlive-2023-env-texmfdist/tex/latex/microtype/microtype.sty
Package: microtype 2023/03/13 v3.1a Micro-typographical refinements (RS)
\MT@toks=\toks20
\MT@tempbox=\box54
\MT@count=\count194
LaTeX Info: Redefining \noprotrusionifhmode on input line 1059.
LaTeX Info: Redefining \leftprotrusion on input line 1060.
\MT@prot@toks=\toks21
LaTeX Info: Redefining \rightprotrusion on input line 1078.
LaTeX Info: Redefining \textls on input line 1368.
\MT@outer@kern=\dimen146
LaTeX Info: Redefining \textmicrotypecontext on input line 1988.
\MT@listname@count=\count195
 (/nix/store/mmg1gc10y64nnrd54csm1w1xpq3hwkm8-texlive-2023-env-texmfdist/tex/latex/microtype/microtype-pdftex.def
File: microtype-pdftex.def 2023/03/13 v3.1a Definitions specific to pdftex (RS)
LaTeX Info: Redefining \lsstyle on input line 902.
LaTeX Info: Redefining \lslig on input line 902.
\MT@outer@space=\skip63
)
Package microtype Info: Loading configuration file microtype.cfg.
 (/nix/store/mmg1gc10y64nnrd54csm1w1xpq3hwkm8-texlive-2023-env-texmfdist/tex/latex/microtype/microtype.cfg
File: microtype.cfg 2023/03/13 v3.1a microtype main configuration file (RS)
)) (/nix/store/mmg1gc10y64nnrd54csm1w1xpq3hwkm8-texlive-2023-env-texmfdist/tex/latex/moderncv/moderncvcollection.sty
Package: moderncvcollection 2022-02-21 v2.3.1 moderncv collections
\c@collection@iterator=\count196
) (/nix/store/mmg1gc10y64nnrd54csm1w1xpq3hwkm8-texlive-2023-env-texmfdist/tex/latex/moderncv/moderncvcompatibility.sty
Package: moderncvcompatibility 2022-02-21 v2.3.1 modern curriculum vitae and letter compatibility patches
)
\c@collection@phones@count=\count197
\c@collection@socials@count=\count198
\c@cvcolumnscounter=\count199
\c@cvcolumnsautowidthcounter=\count266
\c@tmpiteratorcounter=\count267
\cvcolumnsdummywidth=\skip64
\cvcolumnswidth=\skip65
\cvcolumnsautowidth=\skip66
\cvcolumnautowidth=\skip67
\bibindent=\skip68
) (/nix/store/mmg1gc10y64nnrd54csm1w1xpq3hwkm8-texlive-2023-env-texmfdist/tex/latex/geometry/geometry.sty
Package: geometry 2020/01/02 v5.9 Page Geometry
 (/nix/store/mmg1gc10y64nnrd54csm1w1xpq3hwkm8-texlive-2023-env-texmfdist/tex/generic/iftex/ifvtex.sty
Package: ifvtex 2019/10/25 v1.7 ifvtex legacy package. Use iftex instead.
)
\Gm@cnth=\count268
\Gm@cntv=\count269
\c@Gm@tempcnt=\count270
\Gm@bindingoffset=\dimen147
\Gm@wd@mp=\dimen148
\Gm@odd@mp=\dimen149
\Gm@even@mp=\dimen150
\Gm@layoutwidth=\dimen151
\Gm@layoutheight=\dimen152
\Gm@layouthoffset=\dimen153
\Gm@layoutvoffset=\dimen154
\Gm@dimlist=\toks22
) (/nix/store/mmg1gc10y64nnrd54csm1w1xpq3hwkm8-texlive-2023-env-texmfdist/tex/latex/moderncv/moderncvstyleclassic.sty
Package: moderncvstyleclassic 2022-02-21 v2.3.1 modern curriculum vitae and letter style scheme: classic
 (/nix/store/mmg1gc10y64nnrd54csm1w1xpq3hwkm8-texlive-2023-env-texmfdist/tex/latex/moderncv/moderncviconssymbols.sty
Package: moderncviconssymbols 2021-12-12 v2.2.0 modern curriculum vitae icons selector


Class moderncv Warning: "academicons requires xetex/luatex to work. Using alternatives.".

(/nix/store/mmg1gc10y64nnrd54csm1w1xpq3hwkm8-texlive-2023-env-texmfdist/tex/latex/moderncv/moderncviconsawesome.sty
Package: moderncviconsawesome 2022-02-21 v2.3.1 modern curriculum vitae icons: awesome
 (/nix/store/mmg1gc10y64nnrd54csm1w1xpq3hwkm8-texlive-2023-env-texmfdist/tex/latex/fontawesome5/fontawesome5.sty
Package: fontawesome5 2022/05/02 v5.15.4 Font Awesome 5
 (/nix/store/mmg1gc10y64nnrd54csm1w1xpq3hwkm8-texlive-2023-env-texmfdist/tex/latex/l3packages/l3keys2e/l3keys2e.sty
Package: l3keys2e 2024-02-18 LaTeX2e option processing using LaTeX3 keys
) (/nix/store/mmg1gc10y64nnrd54csm1w1xpq3hwkm8-texlive-2023-env-texmfdist/tex/latex/fontawesome5/fontawesome5-generic-helper.sty
Package: fontawesome5-generic-helper 2022/05/02 v5.15.4 non-uTeX helper for fontawesome5
 (/nix/store/mmg1gc10y64nnrd54csm1w1xpq3hwkm8-texlive-2023-env-texmfdist/tex/latex/fontawesome5/fontawesome5-mapping.def)))) (/nix/store/mmg1gc10y64nnrd54csm1w1xpq3hwkm8-texlive-2023-env-texmfdist/tex/latex/moderncv/moderncviconstikz.sty
Package: moderncviconstikz 2022-02-21 v2.3.1 modern curriculum vitae and letter icons: tickz
 (/nix/store/mmg1gc10y64nnrd54csm1w1xpq3hwkm8-texlive-2023-env-texmfdist/tex/latex/pgf/frontendlayer/tikz.sty (/nix/store/mmg1gc10y64nnrd54csm1w1xpq3hwkm8-texlive-2023-env-texmfdist/tex/latex/pgf/basiclayer/pgf.sty (/nix/store/mmg1gc10y64nnrd54csm1w1xpq3hwkm8-texlive-2023-env-texmfdist/tex/latex/pgf/utilities/pgfrcs.sty (/nix/store/mmg1gc10y64nnrd54csm1w1xpq3hwkm8-texlive-2023-env-texmfdist/tex/generic/pgf/utilities/pgfutil-common.tex
\pgfutil@everybye=\toks23
\pgfutil@tempdima=\dimen155
\pgfutil@tempdimb=\dimen156
) (/nix/store/mmg1gc10y64nnrd54csm1w1xpq3hwkm8-texlive-2023-env-texmfdist/tex/generic/pgf/utilities/pgfutil-latex.def
\pgfutil@abb=\box55
) (/nix/store/mmg1gc10y64nnrd54csm1w1xpq3hwkm8-texlive-2023-env-texmfdist/tex/generic/pgf/utilities/pgfrcs.code.tex (/nix/store/mmg1gc10y64nnrd54csm1w1xpq3hwkm8-texlive-2023-env-texmfdist/tex/generic/pgf/pgf.revision.tex)
Package: pgfrcs 2023-01-15 v3.1.10 (3.1.10)
))
Package: pgf 2023-01-15 v3.1.10 (3.1.10)
 (/nix/store/mmg1gc10y64nnrd54csm1w1xpq3hwkm8-texlive-2023-env-texmfdist/tex/latex/pgf/basiclayer/pgfcore.sty (/nix/store/mmg1gc10y64nnrd54csm1w1xpq3hwkm8-texlive-2023-env-texmfdist/tex/latex/pgf/systemlayer/pgfsys.sty (/nix/store/mmg1gc10y64nnrd54csm1w1xpq3hwkm8-texlive-2023-env-texmfdist/tex/generic/pgf/systemlayer/pgfsys.code.tex
Package: pgfsys 2023-01-15 v3.1.10 (3.1.10)
 (/nix/store/mmg1gc10y64nnrd54csm1w1xpq3hwkm8-texlive-2023-env-texmfdist/tex/generic/pgf/utilities/pgfkeys.code.tex
\pgfkeys@pathtoks=\toks24
\pgfkeys@temptoks=\toks25
 (/nix/store/mmg1gc10y64nnrd54csm1w1xpq3hwkm8-texlive-2023-env-texmfdist/tex/generic/pgf/utilities/pgfkeyslibraryfiltered.code.tex
\pgfkeys@tmptoks=\toks26
))
\pgf@x=\dimen157
\pgf@y=\dimen158
\pgf@xa=\dimen159
\pgf@ya=\dimen160
\pgf@xb=\dimen161
\pgf@yb=\dimen162
\pgf@xc=\dimen163
\pgf@yc=\dimen164
\pgf@xd=\dimen165
\pgf@yd=\dimen166
\w@pgf@writea=\write3
\r@pgf@reada=\read2
\c@pgf@counta=\count271
\c@pgf@countb=\count272
\c@pgf@countc=\count273
\c@pgf@countd=\count274
\t@pgf@toka=\toks27
\t@pgf@tokb=\toks28
\t@pgf@tokc=\toks29
\pgf@sys@id@count=\count275
 (/nix/store/mmg1gc10y64nnrd54csm1w1xpq3hwkm8-texlive-2023-env-texmfdist/tex/generic/pgf/systemlayer/pgf.cfg
File: pgf.cfg 2023-01-15 v3.1.10 (3.1.10)
)
Driver file for pgf: pgfsys-pdftex.def
 (/nix/store/mmg1gc10y64nnrd54csm1w1xpq3hwkm8-texlive-2023-env-texmfdist/tex/generic/pgf/systemlayer/pgfsys-pdftex.def
File: pgfsys-pdftex.def 2023-01-15 v3.1.10 (3.1.10)
 (/nix/store/mmg1gc10y64nnrd54csm1w1xpq3hwkm8-texlive-2023-env-texmfdist/tex/generic/pgf/systemlayer/pgfsys-common-pdf.def
File: pgfsys-common-pdf.def 2023-01-15 v3.1.10 (3.1.10)
))) (/nix/store/mmg1gc10y64nnrd54csm1w1xpq3hwkm8-texlive-2023-env-texmfdist/tex/generic/pgf/systemlayer/pgfsyssoftpath.code.tex
File: pgfsyssoftpath.code.tex 2023-01-15 v3.1.10 (3.1.10)
\pgfsyssoftpath@smallbuffer@items=\count276
\pgfsyssoftpath@bigbuffer@items=\count277
) (/nix/store/mmg1gc10y64nnrd54csm1w1xpq3hwkm8-texlive-2023-env-texmfdist/tex/generic/pgf/systemlayer/pgfsysprotocol.code.tex
File: pgfsysprotocol.code.tex 2023-01-15 v3.1.10 (3.1.10)
)) (/nix/store/mmg1gc10y64nnrd54csm1w1xpq3hwkm8-texlive-2023-env-texmfdist/tex/generic/pgf/basiclayer/pgfcore.code.tex
Package: pgfcore 2023-01-15 v3.1.10 (3.1.10)
 (/nix/store/mmg1gc10y64nnrd54csm1w1xpq3hwkm8-texlive-2023-env-texmfdist/tex/generic/pgf/math/pgfmath.code.tex (/nix/store/mmg1gc10y64nnrd54csm1w1xpq3hwkm8-texlive-2023-env-texmfdist/tex/generic/pgf/math/pgfmathutil.code.tex) (/nix/store/mmg1gc10y64nnrd54csm1w1xpq3hwkm8-texlive-2023-env-texmfdist/tex/generic/pgf/math/pgfmathparser.code.tex
\pgfmath@dimen=\dimen167
\pgfmath@count=\count278
\pgfmath@box=\box56
\pgfmath@toks=\toks30
\pgfmath@stack@operand=\toks31
\pgfmath@stack@operation=\toks32
) (/nix/store/mmg1gc10y64nnrd54csm1w1xpq3hwkm8-texlive-2023-env-texmfdist/tex/generic/pgf/math/pgfmathfunctions.code.tex) (/nix/store/mmg1gc10y64nnrd54csm1w1xpq3hwkm8-texlive-2023-env-texmfdist/tex/generic/pgf/math/pgfmathfunctions.basic.code.tex) (/nix/store/mmg1gc10y64nnrd54csm1w1xpq3hwkm8-texlive-2023-env-texmfdist/tex/generic/pgf/math/pgfmathfunctions.trigonometric.code.tex) (/nix/store/mmg1gc10y64nnrd54csm1w1xpq3hwkm8-texlive-2023-env-texmfdist/tex/generic/pgf/math/pgfmathfunctions.random.code.tex) (/nix/store/mmg1gc10y64nnrd54csm1w1xpq3hwkm8-texlive-2023-env-texmfdist/tex/generic/pgf/math/pgfmathfunctions.comparison.code.tex) (/nix/store/mmg1gc10y64nnrd54csm1w1xpq3hwkm8-texlive-2023-env-texmfdist/tex/generic/pgf/math/pgfmathfunctions.base.code.tex) (/nix/store/mmg1gc10y64nnrd54csm1w1xpq3hwkm8-texlive-2023-env-texmfdist/tex/generic/pgf/math/pgfmathfunctions.round.code.tex) (/nix/store/mmg1gc10y64nnrd54csm1w1xpq3hwkm8-texlive-2023-env-texmfdist/tex/generic/pgf/math/pgfmathfunctions.misc.code.tex) (/nix/store/mmg1gc10y64nnrd54csm1w1xpq3hwkm8-texlive-2023-env-texmfdist/tex/generic/pgf/math/pgfmathfunctions.integerarithmetics.code.tex) (/nix/store/mmg1gc10y64nnrd54csm1w1xpq3hwkm8-texlive-2023-env-texmfdist/tex/generic/pgf/math/pgfmathcalc.code.tex) (/nix/store/mmg1gc10y64nnrd54csm1w1xpq3hwkm8-texlive-2023-env-texmfdist/tex/generic/pgf/math/pgfmathfloat.code.tex
\c@pgfmathroundto@lastzeros=\count279
)) (/nix/store/mmg1gc10y64nnrd54csm1w1xpq3hwkm8-texlive-2023-env-texmfdist/tex/generic/pgf/math/pgfint.code.tex) (/nix/store/mmg1gc10y64nnrd54csm1w1xpq3hwkm8-texlive-2023-env-texmfdist/tex/generic/pgf/basiclayer/pgfcorepoints.code.tex
File: pgfcorepoints.code.tex 2023-01-15 v3.1.10 (3.1.10)
\pgf@picminx=\dimen168
\pgf@picmaxx=\dimen169
\pgf@picminy=\dimen170
\pgf@picmaxy=\dimen171
\pgf@pathminx=\dimen172
\pgf@pathmaxx=\dimen173
\pgf@pathminy=\dimen174
\pgf@pathmaxy=\dimen175
\pgf@xx=\dimen176
\pgf@xy=\dimen177
\pgf@yx=\dimen178
\pgf@yy=\dimen179
\pgf@zx=\dimen180
\pgf@zy=\dimen181
) (/nix/store/mmg1gc10y64nnrd54csm1w1xpq3hwkm8-texlive-2023-env-texmfdist/tex/generic/pgf/basiclayer/pgfcorepathconstruct.code.tex
File: pgfcorepathconstruct.code.tex 2023-01-15 v3.1.10 (3.1.10)
\pgf@path@lastx=\dimen182
\pgf@path@lasty=\dimen183
) (/nix/store/mmg1gc10y64nnrd54csm1w1xpq3hwkm8-texlive-2023-env-texmfdist/tex/generic/pgf/basiclayer/pgfcorepathusage.code.tex
File: pgfcorepathusage.code.tex 2023-01-15 v3.1.10 (3.1.10)
\pgf@shorten@end@additional=\dimen184
\pgf@shorten@start@additional=\dimen185
) (/nix/store/mmg1gc10y64nnrd54csm1w1xpq3hwkm8-texlive-2023-env-texmfdist/tex/generic/pgf/basiclayer/pgfcorescopes.code.tex
File: pgfcorescopes.code.tex 2023-01-15 v3.1.10 (3.1.10)
\pgfpic=\box57
\pgf@hbox=\box58
\pgf@layerbox@main=\box59
\pgf@picture@serial@count=\count280
) (/nix/store/mmg1gc10y64nnrd54csm1w1xpq3hwkm8-texlive-2023-env-texmfdist/tex/generic/pgf/basiclayer/pgfcoregraphicstate.code.tex
File: pgfcoregraphicstate.code.tex 2023-01-15 v3.1.10 (3.1.10)
\pgflinewidth=\dimen186
) (/nix/store/mmg1gc10y64nnrd54csm1w1xpq3hwkm8-texlive-2023-env-texmfdist/tex/generic/pgf/basiclayer/pgfcoretransformations.code.tex
File: pgfcoretransformations.code.tex 2023-01-15 v3.1.10 (3.1.10)
\pgf@pt@x=\dimen187
\pgf@pt@y=\dimen188
\pgf@pt@temp=\dimen189
) (/nix/store/mmg1gc10y64nnrd54csm1w1xpq3hwkm8-texlive-2023-env-texmfdist/tex/generic/pgf/basiclayer/pgfcorequick.code.tex
File: pgfcorequick.code.tex 2023-01-15 v3.1.10 (3.1.10)
) (/nix/store/mmg1gc10y64nnrd54csm1w1xpq3hwkm8-texlive-2023-env-texmfdist/tex/generic/pgf/basiclayer/pgfcoreobjects.code.tex
File: pgfcoreobjects.code.tex 2023-01-15 v3.1.10 (3.1.10)
) (/nix/store/mmg1gc10y64nnrd54csm1w1xpq3hwkm8-texlive-2023-env-texmfdist/tex/generic/pgf/basiclayer/pgfcorepathprocessing.code.tex
File: pgfcorepathprocessing.code.tex 2023-01-15 v3.1.10 (3.1.10)
) (/nix/store/mmg1gc10y64nnrd54csm1w1xpq3hwkm8-texlive-2023-env-texmfdist/tex/generic/pgf/basiclayer/pgfcorearrows.code.tex
File: pgfcorearrows.code.tex 2023-01-15 v3.1.10 (3.1.10)
\pgfarrowsep=\dimen190
) (/nix/store/mmg1gc10y64nnrd54csm1w1xpq3hwkm8-texlive-2023-env-texmfdist/tex/generic/pgf/basiclayer/pgfcoreshade.code.tex
File: pgfcoreshade.code.tex 2023-01-15 v3.1.10 (3.1.10)
\pgf@max=\dimen191
\pgf@sys@shading@range@num=\count281
\pgf@shadingcount=\count282
) (/nix/store/mmg1gc10y64nnrd54csm1w1xpq3hwkm8-texlive-2023-env-texmfdist/tex/generic/pgf/basiclayer/pgfcoreimage.code.tex
File: pgfcoreimage.code.tex 2023-01-15 v3.1.10 (3.1.10)
) (/nix/store/mmg1gc10y64nnrd54csm1w1xpq3hwkm8-texlive-2023-env-texmfdist/tex/generic/pgf/basiclayer/pgfcoreexternal.code.tex
File: pgfcoreexternal.code.tex 2023-01-15 v3.1.10 (3.1.10)
\pgfexternal@startupbox=\box60
) (/nix/store/mmg1gc10y64nnrd54csm1w1xpq3hwkm8-texlive-2023-env-texmfdist/tex/generic/pgf/basiclayer/pgfcorelayers.code.tex
File: pgfcorelayers.code.tex 2023-01-15 v3.1.10 (3.1.10)
) (/nix/store/mmg1gc10y64nnrd54csm1w1xpq3hwkm8-texlive-2023-env-texmfdist/tex/generic/pgf/basiclayer/pgfcoretransparency.code.tex
File: pgfcoretransparency.code.tex 2023-01-15 v3.1.10 (3.1.10)
) (/nix/store/mmg1gc10y64nnrd54csm1w1xpq3hwkm8-texlive-2023-env-texmfdist/tex/generic/pgf/basiclayer/pgfcorepatterns.code.tex
File: pgfcorepatterns.code.tex 2023-01-15 v3.1.10 (3.1.10)
) (/nix/store/mmg1gc10y64nnrd54csm1w1xpq3hwkm8-texlive-2023-env-texmfdist/tex/generic/pgf/basiclayer/pgfcorerdf.code.tex
File: pgfcorerdf.code.tex 2023-01-15 v3.1.10 (3.1.10)
))) (/nix/store/mmg1gc10y64nnrd54csm1w1xpq3hwkm8-texlive-2023-env-texmfdist/tex/generic/pgf/modules/pgfmoduleshapes.code.tex
File: pgfmoduleshapes.code.tex 2023-01-15 v3.1.10 (3.1.10)
\pgfnodeparttextbox=\box61
) (/nix/store/mmg1gc10y64nnrd54csm1w1xpq3hwkm8-texlive-2023-env-texmfdist/tex/generic/pgf/modules/pgfmoduleplot.code.tex
File: pgfmoduleplot.code.tex 2023-01-15 v3.1.10 (3.1.10)
) (/nix/store/mmg1gc10y64nnrd54csm1w1xpq3hwkm8-texlive-2023-env-texmfdist/tex/latex/pgf/compatibility/pgfcomp-version-0-65.sty
Package: pgfcomp-version-0-65 2023-01-15 v3.1.10 (3.1.10)
\pgf@nodesepstart=\dimen192
\pgf@nodesepend=\dimen193
) (/nix/store/mmg1gc10y64nnrd54csm1w1xpq3hwkm8-texlive-2023-env-texmfdist/tex/latex/pgf/compatibility/pgfcomp-version-1-18.sty
Package: pgfcomp-version-1-18 2023-01-15 v3.1.10 (3.1.10)
)) (/nix/store/mmg1gc10y64nnrd54csm1w1xpq3hwkm8-texlive-2023-env-texmfdist/tex/latex/pgf/utilities/pgffor.sty (/nix/store/mmg1gc10y64nnrd54csm1w1xpq3hwkm8-texlive-2023-env-texmfdist/tex/latex/pgf/utilities/pgfkeys.sty (/nix/store/mmg1gc10y64nnrd54csm1w1xpq3hwkm8-texlive-2023-env-texmfdist/tex/generic/pgf/utilities/pgfkeys.code.tex)) (/nix/store/mmg1gc10y64nnrd54csm1w1xpq3hwkm8-texlive-2023-env-texmfdist/tex/latex/pgf/math/pgfmath.sty (/nix/store/mmg1gc10y64nnrd54csm1w1xpq3hwkm8-texlive-2023-env-texmfdist/tex/generic/pgf/math/pgfmath.code.tex)) (/nix/store/mmg1gc10y64nnrd54csm1w1xpq3hwkm8-texlive-2023-env-texmfdist/tex/generic/pgf/utilities/pgffor.code.tex
Package: pgffor 2023-01-15 v3.1.10 (3.1.10)
\pgffor@iter=\dimen194
\pgffor@skip=\dimen195
\pgffor@stack=\toks33
\pgffor@toks=\toks34
)) (/nix/store/mmg1gc10y64nnrd54csm1w1xpq3hwkm8-texlive-2023-env-texmfdist/tex/generic/pgf/frontendlayer/tikz/tikz.code.tex
Package: tikz 2023-01-15 v3.1.10 (3.1.10)
 (/nix/store/mmg1gc10y64nnrd54csm1w1xpq3hwkm8-texlive-2023-env-texmfdist/tex/generic/pgf/libraries/pgflibraryplothandlers.code.tex
File: pgflibraryplothandlers.code.tex 2023-01-15 v3.1.10 (3.1.10)
\pgf@plot@mark@count=\count283
\pgfplotmarksize=\dimen196
)
\tikz@lastx=\dimen197
\tikz@lasty=\dimen198
\tikz@lastxsaved=\dimen199
\tikz@lastysaved=\dimen256
\tikz@lastmovetox=\dimen257
\tikz@lastmovetoy=\dimen258
\tikzleveldistance=\dimen259
\tikzsiblingdistance=\dimen260
\tikz@figbox=\box62
\tikz@figbox@bg=\box63
\tikz@tempbox=\box64
\tikz@tempbox@bg=\box65
\tikztreelevel=\count284
\tikznumberofchildren=\count285
\tikznumberofcurrentchild=\count286
\tikz@fig@count=\count287
 (/nix/store/mmg1gc10y64nnrd54csm1w1xpq3hwkm8-texlive-2023-env-texmfdist/tex/generic/pgf/modules/pgfmodulematrix.code.tex
File: pgfmodulematrix.code.tex 2023-01-15 v3.1.10 (3.1.10)
\pgfmatrixcurrentrow=\count288
\pgfmatrixcurrentcolumn=\count289
\pgf@matrix@numberofcolumns=\count290
)
\tikz@expandcount=\count291
 (/nix/store/mmg1gc10y64nnrd54csm1w1xpq3hwkm8-texlive-2023-env-texmfdist/tex/generic/pgf/frontendlayer/tikz/libraries/tikzlibrarytopaths.code.tex
File: tikzlibrarytopaths.code.tex 2023-01-15 v3.1.10 (3.1.10)
))))) (/nix/store/mmg1gc10y64nnrd54csm1w1xpq3hwkm8-texlive-2023-env-texmfdist/tex/latex/moderncv/moderncvheadi.sty
Package: moderncvheadi 2022-02-21 v2.3.1 modern curriculum vitae and letter header variant: 1
\quotewidth=\skip69
\makecvheadnamewidth=\skip70
) (/nix/store/mmg1gc10y64nnrd54csm1w1xpq3hwkm8-texlive-2023-env-texmfdist/tex/latex/moderncv/moderncvbodyi.sty
Package: moderncvbodyi 2022-02-21 v2.3.1 modern curriculum vitae and letter body variant: 1
 (/nix/store/mmg1gc10y64nnrd54csm1w1xpq3hwkm8-texlive-2023-env-texmfdist/tex/latex/moderncv/moderncvskillmatrix.sty
Package: moderncvskillmatrix 2022-02-21 v2.3.1 modern curriculum vitae and letter skill matrix
 (/nix/store/mmg1gc10y64nnrd54csm1w1xpq3hwkm8-texlive-2023-env-texmfdist/tex/latex/multirow/multirow.sty
Package: multirow 2021/03/15 v2.8 Span multiple rows of a table
\multirow@colwidth=\skip71
\multirow@cntb=\count292
\multirow@dima=\skip72
\bigstrutjot=\dimen261
) (/nix/store/mmg1gc10y64nnrd54csm1w1xpq3hwkm8-texlive-2023-env-texmfdist/tex/latex/arydshln/arydshln.sty
Package: arydshln 2019/02/21 v1.76 
\dashlinedash=\dimen262
\dashlinegap=\dimen263
\adl@box=\box66
\adl@height=\dimen264
\adl@heightsave=\dimen265
\adl@depth=\dimen266
\adl@depthsave=\dimen267
\adl@finaldepth=\dimen268
\adl@columns=\count293
\adl@ncol=\count294
\adl@currentcolumn=\count295
\adl@currentcolumnsave=\count296
\adl@totalheight=\count297
\adl@totalheightsave=\count298
\adl@dash=\count299
\adl@gap=\count300
\adl@cla=\count301
\adl@clb=\count302
\adl@everyvbox=\toks35
\adl@LTpagetotal=\dimen269
)
\cvSkill@RectangleSize=\skip73
\my@repeat@count=\count303
\cvskill@width=\skip74
\cvskill@descriptorwidth=\skip75
\cvskill@experiencewidth=\skip76
\skillmatrix@columnwidth=\skip77
\skillmatrix@commentwidth=\skip78
\skillmatrix@padding=\skip79
\skillmatrix@hintscolumnwidth=\skip80
\skillmatrix@bodylength=\skip81
\cvskilllegend@leftdescriptorwidth=\skip82
\cvskilllegend@rightdescriptorwidth=\skip83
\skilllegend@hintscolumnwidth=\skip84
\skilllegend@padding=\skip85
\skilllegend@bodylength=\skip86
\separatorrulewidth=\skip87
)
\hintscolumnwidth=\skip88
\separatorcolumnwidth=\skip89
\maincolumnwidth=\skip90
\doubleitemcolumnwidth=\skip91
\listitemsymbolwidth=\skip92
LaTeX Font Info:    Trying to load font information for U+fontawesomefree0 on input line 48.
 (/nix/store/mmg1gc10y64nnrd54csm1w1xpq3hwkm8-texlive-2023-env-texmfdist/tex/latex/fontawesome5/ufontawesomefree0.fd)
\listitemcolumnwidth=\skip93
\listdoubleitemcolumnwidth=\skip94
\baseletterheight=\skip95
\cvitemwithcommentbox=\box67
\cvitemwithcommentskilllength=\skip96
\cvitemwithcommentcommentlength=\skip97
)) (/nix/store/mmg1gc10y64nnrd54csm1w1xpq3hwkm8-texlive-2023-env-texmfdist/tex/latex/base/inputenc.sty
Package: inputenc 2021/02/14 v1.3d Input encoding file
\inpenc@prehook=\toks36
\inpenc@posthook=\toks37
) (/nix/store/mmg1gc10y64nnrd54csm1w1xpq3hwkm8-texlive-2023-env-texmfdist/tex/latex/hyperref/hyperref.sty
Package: hyperref 2024-01-20 v7.01h Hypertext links for LaTeX
 (/nix/store/mmg1gc10y64nnrd54csm1w1xpq3hwkm8-texlive-2023-env-texmfdist/tex/latex/kvsetkeys/kvsetkeys.sty
Package: kvsetkeys 2022-10-05 v1.19 Key value parser (HO)
) (/nix/store/mmg1gc10y64nnrd54csm1w1xpq3hwkm8-texlive-2023-env-texmfdist/tex/generic/kvdefinekeys/kvdefinekeys.sty
Package: kvdefinekeys 2019-12-19 v1.6 Define keys (HO)
) (/nix/store/mmg1gc10y64nnrd54csm1w1xpq3hwkm8-texlive-2023-env-texmfdist/tex/generic/pdfescape/pdfescape.sty
Package: pdfescape 2019/12/09 v1.15 Implements pdfTeX's escape features (HO)
 (/nix/store/mmg1gc10y64nnrd54csm1w1xpq3hwkm8-texlive-2023-env-texmfdist/tex/generic/ltxcmds/ltxcmds.sty
Package: ltxcmds 2023-12-04 v1.26 LaTeX kernel commands for general use (HO)
) (/nix/store/mmg1gc10y64nnrd54csm1w1xpq3hwkm8-texlive-2023-env-texmfdist/tex/generic/pdftexcmds/pdftexcmds.sty
Package: pdftexcmds 2020-06-27 v0.33 Utility functions of pdfTeX for LuaTeX (HO)
 (/nix/store/mmg1gc10y64nnrd54csm1w1xpq3hwkm8-texlive-2023-env-texmfdist/tex/generic/infwarerr/infwarerr.sty
Package: infwarerr 2019/12/03 v1.5 Providing info/warning/error messages (HO)
)
Package pdftexcmds Info: \pdf@primitive is available.
Package pdftexcmds Info: \pdf@ifprimitive is available.
Package pdftexcmds Info: \pdfdraftmode found.
))
(/nix/store/mmg1gc10y64nnrd54csm1w1xpq3hwkm8-texlive-2023-env-texmfdist/tex/latex/hycolor/hycolor.sty
Package: hycolor 2020-01-27 v1.10 Color options for hyperref/bookmark (HO)
) (/nix/store/mmg1gc10y64nnrd54csm1w1xpq3hwkm8-texlive-2023-env-texmfdist/tex/latex/auxhook/auxhook.sty
Package: auxhook 2019-12-17 v1.6 Hooks for auxiliary files (HO)
) (/nix/store/mmg1gc10y64nnrd54csm1w1xpq3hwkm8-texlive-2023-env-texmfdist/tex/latex/hyperref/nameref.sty
Package: nameref 2023-11-26 v2.56 Cross-referencing by name of section
 (/nix/store/mmg1gc10y64nnrd54csm1w1xpq3hwkm8-texlive-2023-env-texmfdist/tex/latex/refcount/refcount.sty
Package: refcount 2019/12/15 v3.6 Data extraction from label references (HO)
) (/nix/store/mmg1gc10y64nnrd54csm1w1xpq3hwkm8-texlive-2023-env-texmfdist/tex/generic/gettitlestring/gettitlestring.sty
Package: gettitlestring 2019/12/15 v1.6 Cleanup title references (HO)
 (/nix/store/mmg1gc10y64nnrd54csm1w1xpq3hwkm8-texlive-2023-env-texmfdist/tex/latex/kvoptions/kvoptions.sty
Package: kvoptions 2022-06-15 v3.15 Key value format for package options (HO)
))
\c@section@level=\count304
)
\@linkdim=\dimen270
\Hy@linkcounter=\count305
\Hy@pagecounter=\count306
 (/nix/store/mmg1gc10y64nnrd54csm1w1xpq3hwkm8-texlive-2023-env-texmfdist/tex/latex/hyperref/pd1enc.def
File: pd1enc.def 2024-01-20 v7.01h Hyperref: PDFDocEncoding definition (HO)
Now handling font encoding PD1 ...
... no UTF-8 mapping file for font encoding PD1
) (/nix/store/mmg1gc10y64nnrd54csm1w1xpq3hwkm8-texlive-2023-env-texmfdist/tex/generic/intcalc/intcalc.sty
Package: intcalc 2019/12/15 v1.3 Expandable calculations with integers (HO)
)
\Hy@SavedSpaceFactor=\count307
 (/nix/store/mmg1gc10y64nnrd54csm1w1xpq3hwkm8-texlive-2023-env-texmfdist/tex/latex/hyperref/puenc.def
File: puenc.def 2024-01-20 v7.01h Hyperref: PDF Unicode definition (HO)
Now handling font encoding PU ...
... no UTF-8 mapping file for font encoding PU
)
Package hyperref Info: Option `unicode' set `true' on input line 4062.
Package hyperref Info: Hyper figures OFF on input line 4179.
Package hyperref Info: Link nesting OFF on input line 4184.
Package hyperref Info: Hyper index ON on input line 4187.
Package hyperref Info: Plain pages OFF on input line 4194.
Package hyperref Info: Backreferencing OFF on input line 4199.
Package hyperref Info: Implicit mode ON; LaTeX internals redefined.
Package hyperref Info: Bookmarks ON on input line 4446.
\c@Hy@tempcnt=\count308
LaTeX Info: Redefining \url on input line 4784.
\XeTeXLinkMargin=\dimen271
 (/nix/store/mmg1gc10y64nnrd54csm1w1xpq3hwkm8-texlive-2023-env-texmfdist/tex/generic/bitset/bitset.sty
Package: bitset 2019/12/09 v1.3 Handle bit-vector datatype (HO)
 (/nix/store/mmg1gc10y64nnrd54csm1w1xpq3hwkm8-texlive-2023-env-texmfdist/tex/generic/bigintcalc/bigintcalc.sty
Package: bigintcalc 2019/12/15 v1.5 Expandable calculations on big integers (HO)
))
\Fld@menulength=\count309
\Field@Width=\dimen272
\Fld@charsize=\dimen273
Package hyperref Info: Hyper figures OFF on input line 6063.
Package hyperref Info: Link nesting OFF on input line 6068.
Package hyperref Info: Hyper index ON on input line 6071.
Package hyperref Info: backreferencing OFF on input line 6078.
Package hyperref Info: Link coloring OFF on input line 6083.
Package hyperref Info: Link coloring with OCG OFF on input line 6088.
Package hyperref Info: PDF/A mode OFF on input line 6093.
 (/nix/store/mmg1gc10y64nnrd54csm1w1xpq3hwkm8-texlive-2023-env-texmfdist/tex/latex/base/atbegshi-ltx.sty
Package: atbegshi-ltx 2021/01/10 v1.0c Emulation of the original atbegshi
package with kernel methods
)
\Hy@abspage=\count310
\c@Item=\count311
\c@Hfootnote=\count312
)
Package hyperref Info: Driver (autodetected): hpdftex.
 (/nix/store/mmg1gc10y64nnrd54csm1w1xpq3hwkm8-texlive-2023-env-texmfdist/tex/latex/hyperref/hpdftex.def
File: hpdftex.def 2024-01-20 v7.01h Hyperref driver for pdfTeX
 (/nix/store/mmg1gc10y64nnrd54csm1w1xpq3hwkm8-texlive-2023-env-texmfdist/tex/latex/base/atveryend-ltx.sty
Package: atveryend-ltx 2020/08/19 v1.0a Emulation of the original atveryend package
with kernel methods
)
\Fld@listcount=\count313
\c@bookmark@seq@number=\count314
 (/nix/store/mmg1gc10y64nnrd54csm1w1xpq3hwkm8-texlive-2023-env-texmfdist/tex/latex/rerunfilecheck/rerunfilecheck.sty
Package: rerunfilecheck 2022-07-10 v1.10 Rerun checks for auxiliary files (HO)
 (/nix/store/mmg1gc10y64nnrd54csm1w1xpq3hwkm8-texlive-2023-env-texmfdist/tex/generic/uniquecounter/uniquecounter.sty
Package: uniquecounter 2019/12/15 v1.4 Provide unlimited unique counter (HO)
)
Package uniquecounter Info: New unique counter `rerunfilecheck' on input line 285.
)
\Hy@SectionHShift=\skip98
)
Package hyperref Info: Option `breaklinks' set `true' on input line 19.
Package hyperref Info: Option `bookmarksopen' set `true' on input line 19.
 (./cv.aux)
\openout1 = `cv.aux'.

LaTeX Font Info:    Checking defaults for OML/cmm/m/it on input line 19.
LaTeX Font Info:    ... okay on input line 19.
LaTeX Font Info:    Checking defaults for OMS/cmsy/m/n on input line 19.
LaTeX Font Info:    ... okay on input line 19.
LaTeX Font Info:    Checking defaults for OT1/cmr/m/n on input line 19.
LaTeX Font Info:    ... okay on input line 19.
LaTeX Font Info:    Checking defaults for T1/cmr/m/n on input line 19.
LaTeX Font Info:    ... okay on input line 19.
LaTeX Font Info:    Checking defaults for TS1/cmr/m/n on input line 19.
LaTeX Font Info:    ... okay on input line 19.
LaTeX Font Info:    Checking defaults for OMX/cmex/m/n on input line 19.
LaTeX Font Info:    ... okay on input line 19.
LaTeX Font Info:    Checking defaults for U/cmr/m/n on input line 19.
LaTeX Font Info:    ... okay on input line 19.
LaTeX Font Info:    Checking defaults for PD1/pdf/m/n on input line 19.
LaTeX Font Info:    ... okay on input line 19.
LaTeX Font Info:    Checking defaults for PU/pdf/m/n on input line 19.
LaTeX Font Info:    ... okay on input line 19.
 (/nix/store/mmg1gc10y64nnrd54csm1w1xpq3hwkm8-texlive-2023-env-texmfdist/tex/context/base/mkii/supp-pdf.mkii
[Loading MPS to PDF converter (version 2006.09.02).]
\scratchcounter=\count315
\scratchdimen=\dimen274
\scratchbox=\box68
\nofMPsegments=\count316
\nofMParguments=\count317
\everyMPshowfont=\toks38
\MPscratchCnt=\count318
\MPscratchDim=\dimen275
\MPnumerator=\count319
\makeMPintoPDFobject=\count320
\everyMPtoPDFconversion=\toks39
) (/nix/store/mmg1gc10y64nnrd54csm1w1xpq3hwkm8-texlive-2023-env-texmfdist/tex/latex/epstopdf-pkg/epstopdf-base.sty
Package: epstopdf-base 2020-01-24 v2.11 Base part for package epstopdf
Package epstopdf-base Info: Redefining graphics rule for `.eps' on input line 485.
 (/nix/store/mmg1gc10y64nnrd54csm1w1xpq3hwkm8-texlive-2023-env-texmfdist/tex/latex/latexconfig/epstopdf-sys.cfg
File: epstopdf-sys.cfg 2010/07/13 v1.3 Configuration of (r)epstopdf for TeX Live
))
LaTeX Info: Redefining \microtypecontext on input line 19.
Package microtype Info: Applying patch `item' on input line 19.
Package microtype Info: Applying patch `toc' on input line 19.
Package microtype Info: Applying patch `eqnum' on input line 19.
Package microtype Info: Applying patch `footnote' on input line 19.
Package microtype Info: Applying patch `verbatim' on input line 19.
Package microtype Info: Generating PDF output.
Package microtype Info: Character protrusion enabled (level 2).
Package microtype Info: Using default protrusion set `alltext'.
Package microtype Info: Automatic font expansion enabled (level 2),
(microtype)             stretch: 20, shrink: 20, step: 1, non-selected.
Package microtype Info: Using default expansion set `alltext-nott'.
LaTeX Info: Redefining \showhyphens on input line 19.
Package microtype Info: No adjustment of tracking.
Package microtype Info: No adjustment of interword spacing.
Package microtype Info: No adjustment of character kerning.
Package microtype Info: Loading generic protrusion settings for font family
(microtype)             `cmss' (encoding: OT1).
(microtype)             For optimal results, create family-specific settings.
(microtype)             See the microtype manual for details.

*geometry* driver: auto-detecting
*geometry* detected driver: pdftex
*geometry* verbose mode - [ preamble ] result:
* driver: pdftex
* paper: a4paper
* layout: <same size as paper>
* layoutoffset:(h,v)=(0.0pt,0.0pt)
* modes: 
* h-part:(L,W,R)=(74.68848pt, 448.1309pt, 74.68849pt)
* v-part:(T,H,B)=(84.50467pt, 633.78513pt, 126.75705pt)
* \paperwidth=597.50787pt
* \paperheight=845.04684pt
* \textwidth=448.1309pt
* \textheight=633.78513pt
* \oddsidemargin=2.41849pt
* \evensidemargin=2.41849pt
* \topmargin=-24.76532pt
* \headheight=12.0pt
* \headsep=25.0pt
* \topskip=11.0pt
* \footskip=30.0pt
* \marginparwidth=50.0pt
* \marginparsep=10.0pt
* \columnsep=10.0pt
* \skip\footins=10.0pt plus 4.0pt minus 2.0pt
* \hoffset=0.0pt
* \voffset=0.0pt
* \mag=1000
* \@twocolumnfalse
* \@twosidefalse
* \@mparswitchfalse
* \@reversemarginfalse
* (1in=72.27pt=25.4mm, 1cm=28.453pt)

Package hyperref Info: Link coloring OFF on input line 19.
(./cv.out) (./cv.out)
\@outlinefile=\write4
\openout4 = `cv.out'.

\pagenumberwidth=\skip99
LaTeX Font Info:    Font shape `OT1/cmss/m/it' in size <10> not available
(Font)              Font shape `OT1/cmss/m/sl' tried instead on input line 19.
\makecvheaddetailsbox=\box69
 (/nix/store/mmg1gc10y64nnrd54csm1w1xpq3hwkm8-texlive-2023-env-texmfdist/tex/latex/microtype/mt-cmr.cfg
File: mt-cmr.cfg 2013/05/19 v2.2 microtype config. file: Computer Modern Roman (RS)
)
LaTeX Font Info:    External font `cmex10' loaded for size
(Font)              <7> on input line 20.
LaTeX Font Info:    External font `cmex10' loaded for size
(Font)              <5> on input line 20.
LaTeX Font Info:    Trying to load font information for U+fontawesomefree2 on input line 20.
 (/nix/store/mmg1gc10y64nnrd54csm1w1xpq3hwkm8-texlive-2023-env-texmfdist/tex/latex/fontawesome5/ufontawesomefree2.fd)
LaTeX Font Info:    Trying to load font information for U+fontawesomefree1 on input line 20.
 (/nix/store/mmg1gc10y64nnrd54csm1w1xpq3hwkm8-texlive-2023-env-texmfdist/tex/latex/fontawesome5/ufontawesomefree1.fd)
LaTeX Font Info:    Trying to load font information for U+fontawesomebrands0 on input line 20.
 (/nix/store/mmg1gc10y64nnrd54csm1w1xpq3hwkm8-texlive-2023-env-texmfdist/tex/latex/fontawesome5/ufontawesomebrands0.fd)
LaTeX Font Info:    Font shape `U/fontawesomebrands0/solid/n' in size <10> not available
(Font)              Font shape `U/fontawesomebrands0/regular/n' tried instead on input line 20.
\makecvheadpicturebox=\box70
\makecvheaddetailswidth=\skip100
\makecvheadpicturewidth=\skip101
\makecvheadnamebox=\box71


LaTeX Font Warning: Font shape `OT1/cmss/m/n' in size <34> not available
(Font)              size <24.88> substituted on input line 20.


Underfull \hbox (badness 10000) in paragraph at lines 20--20

 []

LaTeX Font Info:    External font `cmex10' loaded for size
(Font)              <10.95> on input line 24.
LaTeX Font Info:    External font `cmex10' loaded for size
(Font)              <8> on input line 24.
LaTeX Font Info:    External font `cmex10' loaded for size
(Font)              <6> on input line 24.
[1

{/nix/store/fz74vjq7n2wiyasi94rjg41784vzccph-texlive-2023-env/share/texmf-var/fonts/map/pdftex/updmap/pdftex.map}{/nix/store/mmg1gc10y64nnrd54csm1w1xpq3hwkm8-texlive-2023-env-texmfdist/fonts/enc/dvips/fontawesome5/fa5free2.enc}{/nix/store/mmg1gc10y64nnrd54csm1w1xpq3hwkm8-texlive-2023-env-texmfdist/fonts/enc/dvips/fontawesome5/fa5free1.enc}{/nix/store/mmg1gc10y64nnrd54csm1w1xpq3hwkm8-texlive-2023-env-texmfdist/fonts/enc/dvips/fontawesome5/fa5brands0.enc}] [2{/nix/store/mmg1gc10y64nnrd54csm1w1xpq3hwkm8-texlive-2023-env-texmfdist/fonts/enc/dvips/fontawesome5/fa5free0.enc}] [3] (./cv.aux)
 ***********
LaTeX2e <2023-11-01> patch level 1
L3 programming layer <2024-02-20>
 ***********


LaTeX Font Warning: Size substitutions with differences
(Font)              up to 9.12pt have occurred.

Package rerunfilecheck Info: File `cv.out' has not changed.
(rerunfilecheck)             Checksum: EB1563C3F066E5B071889B0D26E4AE04;1290.
 ) 
Here is how much of TeX's memory you used:
 25787 strings out of 474116
 507238 string characters out of 5720541
 1953187 words of memory out of 5000000
 47637 multiletter control sequences out of 15000+600000
 569044 words of font info for 108 fonts, out of 8000000 for 9000
 1141 hyphenation exceptions out of 8191
 129i,13n,129p,1039b,464s stack positions out of 10000i,1000n,20000p,200000b,200000s
</nix/store/mmg1gc10y64nnrd54csm1w1xpq3hwkm8-texlive-2023-env-texmfdist/fonts/type1/public/fontawesome5/FontAwesome5Brands-Regular.pfb></nix/store/mmg1gc10y64nnrd54csm1w1xpq3hwkm8-texlive-2023-env-texmfdist/fonts/type1/public/fontawesome5/FontAwesome5Free-Regular.pfb></nix/store/mmg1gc10y64nnrd54csm1w1xpq3hwkm8-texlive-2023-env-texmfdist/fonts/type1/public/fontawesome5/FontAwesome5Free-Solid.pfb></nix/store/mmg1gc10y64nnrd54csm1w1xpq3hwkm8-texlive-2023-env-texmfdist/fonts/type1/public/amsfonts/cm/cmmi7.pfb></nix/store/mmg1gc10y64nnrd54csm1w1xpq3hwkm8-texlive-2023-env-texmfdist/fonts/type1/public/amsfonts/cm/cmr10.pfb></nix/store/mmg1gc10y64nnrd54csm1w1xpq3hwkm8-texlive-2023-env-texmfdist/fonts/type1/public/amsfonts/cm/cmss10.pfb></nix/store/mmg1gc10y64nnrd54csm1w1xpq3hwkm8-texlive-2023-env-texmfdist/fonts/type1/public/amsfonts/cm/cmss12.pfb></nix/store/mmg1gc10y64nnrd54csm1w1xpq3hwkm8-texlive-2023-env-texmfdist/fonts/type1/public/amsfonts/cm/cmss17.pfb></nix/store/mmg1gc10y64nnrd54csm1w1xpq3hwkm8-texlive-2023-env-texmfdist/fonts/type1/public/amsfonts/cm/cmssbx10.pfb></nix/store/mmg1gc10y64nnrd54csm1w1xpq3hwkm8-texlive-2023-env-texmfdist/fonts/type1/public/amsfonts/cm/cmssi10.pfb></nix/store/mmg1gc10y64nnrd54csm1w1xpq3hwkm8-texlive-2023-env-texmfdist/fonts/type1/public/amsfonts/cm/cmssi17.pfb>
Output written on cv.pdf (3 pages, 154661 bytes).
PDF statistics:
 138 PDF objects out of 1000 (max. 8388607)
 107 compressed objects within 2 object streams
 14 named destinations out of 1000 (max. 500000)
 34909 words of extra memory for PDF output out of 35830 (max. 10000000)

